make all --print-data-base --no-builtin-variables --no-builtin-rules --question
# GNU Make 4.3
# Built for x86_64-pc-linux-gnu
# Copyright (C) 1988-2020 Free Software Foundation, Inc.
# License GPLv3+: GNU GPL version 3 or later <http://gnu.org/licenses/gpl.html>
# This is free software: you are free to change and redistribute it.
# There is NO WARRANTY, to the extent permitted by law.

# Make data base, printed on Fri Jul 22 02:37:21 2022

# Variables

# makefile (from 'Makefile', line 4)
OBJ = out/boot_asm.o out/kernel.o out/terminal.o out/stdio.o out/ports_asm.o out/gdt.o out/gdt_asm.o out/idt.o out/idt_asm.o out/pic.o out/pci.o out/uhci.o out/ehci.o out/xhci.o out/stdlib.o out/irq.o out/threads.o out/threads_asm.o out/ps2.o out/ps2kbd.o out/circular.o out/keypress.o out/keymaps.o out/string.o out/terminal_asm.o out/vga.o out/rand.o out/vim.o out/ps2mouse.o out/graphics.o out/windows.o out/list.o
# environment
GDK_BACKEND = x11
# makefile (from 'Makefile', line 2)
AS = /home/mdominiak/opt/cross/bin/i686-elf-as
# environment
LC_ALL = C
# environment
GNOME_SHELL_SESSION_MODE = ubuntu
# environment
SSH_AGENT_LAUNCHER = gnome-keyring
# environment
GJS_DEBUG_OUTPUT = stderr
# environment
VSCODE_IPC_HOOK_EXTHOST = /run/user/1000/vscode-ipc-c567aa80-b80f-4043-9bbd-b2285b62a0e2.sock
# environment
LC_NAME = pl_PL.UTF-8
# environment
LC_NUMERIC = pl_PL.UTF-8
# environment
VSCODE_CWD = /home/mdominiak
# environment
LC_ADDRESS = pl_PL.UTF-8
# default
MAKE_COMMAND := make
# environment
QT_ACCESSIBILITY = 1
# automatic
@D = $(patsubst %/,%,$(dir $@))
# environment
VSCODE_HANDLES_UNCAUGHT_ERRORS = true
# default
.VARIABLES := 
# environment
PWD = /home/mdominiak/MDOS
# automatic
%D = $(patsubst %/,%,$(dir $%))
# environment
XDG_DATA_DIRS = /usr/share/ubuntu:/usr/local/share/:/usr/share/:/var/lib/snapd/desktop
# automatic
^D = $(patsubst %/,%,$(dir $^))
# environment
VSCODE_LOG_STACK = false
# automatic
%F = $(notdir $%)
# environment
VSCODE_CODE_CACHE_PATH = /home/mdominiak/.config/Code/CachedData/c3511e6c69bb39013c4a4b7b9566ec1ca73fc4d5
# environment
LANG = C
# environment
XAUTHORITY = /run/user/1000/.mutter-Xwaylandauth.Z9KDP1
# default
.LOADED := 
# default
.INCLUDE_DIRS = /usr/local/include /usr/include /usr/include
# makefile
MAKEFLAGS = pqrR
# makefile
CURDIR := /home/mdominiak/MDOS
# environment
VSCODE_PIPE_LOGGING = true
# environment
APPLICATION_INSIGHTS_NO_DIAGNOSTIC_CHANNEL = 1
# environment
LESSOPEN = | /usr/bin/lesspipe %s
# automatic
*D = $(patsubst %/,%,$(dir $*))
# environment
MFLAGS = -pqrR
# environment
SSH_AUTH_SOCK = /run/user/1000/keyring/ssh
# default
.SHELLFLAGS := -c
# environment
WAYLAND_DISPLAY = wayland-0
# environment
XDG_CONFIG_DIRS = /etc/xdg/xdg-ubuntu:/etc/xdg
# automatic
+D = $(patsubst %/,%,$(dir $+))
# environment
XDG_SESSION_DESKTOP = ubuntu
# makefile (from 'Makefile', line 1)
MAKEFILE_LIST := Makefile
# automatic
@F = $(notdir $@)
# environment
VSCODE_VERBOSE_LOGGING = true
# environment
VSCODE_PID = 79166
# environment
XDG_SESSION_TYPE = wayland
# automatic
?D = $(patsubst %/,%,$(dir $?))
# environment
SESSION_MANAGER = local/client:@/tmp/.ICE-unix/1944,unix/client:/tmp/.ICE-unix/1944
# automatic
*F = $(notdir $*)
# environment
CHROME_DESKTOP = code-url-handler.desktop
# environment
DBUS_SESSION_BUS_ADDRESS = unix:path=/run/user/1000/bus
# automatic
<D = $(patsubst %/,%,$(dir $<))
# environment
VSCODE_NLS_CONFIG = {"locale":"en-us","availableLanguages":{},"_languagePackSupport":true}
# default
MAKE_HOST := x86_64-pc-linux-gnu
# environment
GNOME_DESKTOP_SESSION_ID = this-is-deprecated
# makefile
SHELL = /bin/sh
# default
MAKECMDGOALS := all
# environment
XMODIFIERS = @im=ibus
# environment
GJS_DEBUG_TOPICS = JS ERROR;JS LOG
# environment
SHLVL = 0
# environment
MAKELEVEL := 0
# environment
IM_CONFIG_CHECK_ENV = 1
# default
MAKE = $(MAKE_COMMAND)
# environment
PATH = /usr/local/sbin:/usr/local/bin:/usr/sbin:/usr/bin:/sbin:/bin:/usr/games:/usr/local/games:/snap/bin:/snap/bin
# default
MAKEFILES := 
# environment
LC_MONETARY = pl_PL.UTF-8
# automatic
^F = $(notdir $^)
# environment
LC_TIME = pl_PL.UTF-8
# environment
INVOCATION_ID = 8f0c7e7d390d4347a00660b13731ae09
# environment
VSCODE_LOG_NATIVE = false
# environment
USERNAME = mdominiak
# environment
GNOME_SETUP_DISPLAY = :1
# environment
LC_TELEPHONE = pl_PL.UTF-8
# environment
LESSCLOSE = /usr/bin/lesspipe %s %s
# automatic
?F = $(notdir $?)
# environment
XDG_CURRENT_DESKTOP = Unity
# environment
LS_COLORS = 
# automatic
+F = $(notdir $+)
# environment
DESKTOP_SESSION = ubuntu
# environment
ORIGINAL_XDG_CURRENT_DESKTOP = ubuntu:GNOME
# 'override' directive
GNUMAKEFLAGS := 
# environment
LOGNAME = mdominiak
# environment
GIO_LAUNCHED_DESKTOP_FILE = /usr/share/applications/code.desktop
# makefile
.DEFAULT_GOAL := all
# environment
SYSTEMD_EXEC_PID = 1967
# environment
DISPLAY = :0
# environment
USER = mdominiak
# environment
GTK_MODULES = gail:atk-bridge
# default
MAKE_VERSION := 4.3
# environment
MANAGERPID = 1754
# environment
LC_MEASUREMENT = pl_PL.UTF-8
# environment
GIO_LAUNCHED_DESKTOP_FILE_PID = 79166
# environment
_ = /usr/share/code/code
# environment
LC_PAPER = pl_PL.UTF-8
# environment
XDG_RUNTIME_DIR = /run/user/1000
# makefile (from 'Makefile', line 3)
CFLAGS = -ffreestanding -Iinclude -Wall -Wextra -Werror -O3
# environment
JOURNAL_STREAM = 8:35319
# environment
XDG_SESSION_CLASS = user
# environment
VSCODE_AMD_ENTRYPOINT = vs/workbench/api/node/extensionHostProcess
# environment
HOME = /home/mdominiak
# environment
QT_IM_MODULE = ibus
# environment
ELECTRON_RUN_AS_NODE = 1
# environment
VSCODE_IPC_HOOK = /run/user/1000/vscode-eefedb9f-1.67.2-main.sock
# environment
IM_CONFIG_PHASE = 1
# default
.RECIPEPREFIX := 
# automatic
<F = $(notdir $<)
# default
SUFFIXES := 
# default
.FEATURES := target-specific order-only second-expansion else-if shortest-stem undefine oneshell nocomment grouped-target extra-prereqs archives jobserver output-sync check-symlink load
# makefile (from 'Makefile', line 1)
CC = /home/mdominiak/opt/cross/bin/i686-elf-gcc
# environment
XDG_MENU_PREFIX = gnome-
# environment
GDMSESSION = ubuntu
# environment
LC_IDENTIFICATION = pl_PL.UTF-8
# variable set hash-table stats:
# Load=112/1024=11%, Rehash=0, Collisions=4/148=3%

# Pattern-specific Variable Values

# No pattern-specific variable values.

# Directories

# . (device 2069, inode 1180299): 53 files, no impossibilities.

# 53 files, no impossibilities in 1 directories.

# Implicit Rules

out/%.o: %.c
#  recipe to execute (from 'Makefile', line 49):
	$(CC) $(CFLAGS) -c $< -o $@

out/%.o: %.s
#  recipe to execute (from 'Makefile', line 52):
	$(AS) $< -g -o $@

# 2 implicit rules, 0 (0.0%) terminal.
# Files

# Not a target:
out/xhci.o:
#  Implicit rule search has not been done.
#  Modification time never checked.
#  File has not been updated.

# Not a target:
out/vim.o:
#  Implicit rule search has not been done.
#  Modification time never checked.
#  File has not been updated.

# Not a target:
out/terminal_asm.o:
#  Implicit rule search has not been done.
#  Modification time never checked.
#  File has not been updated.

 
# Not a target:
out/idt_asm.o:
#  Implicit rule search has not been done.
#  Modification time never checked.
#  File has not been updated.

# Not a target:
out/ps2.o:
#  Implicit rule search has not been done.
#  Modification time never checked.
#  File has not been updated.

# Not a target:
Makefile:
#  Implicit rule search has been done.
#  Last modified 2022-07-22 00:44:54.418418784
#  File has been updated.
#  Successfully updated.

# Not a target:
out/ports_asm.o:
#  Implicit rule search has not been done.
#  Modification time never checked.
#  File has not been updated.

out/kernel.o: kernel.c
#  Implicit rule search has been done.
#  Implicit/static pattern stem: 'kernel'
#  Last modified 2022-07-22 00:46:37.185941056
#  File has been updated.
#  Needs to be updated (-q is set).
# automatic
# @ := out/kernel.o
# automatic
# * := kernel
# automatic
# < := kernel.c
# automatic
# + := kernel.c
# automatic
# % := 
# automatic
# ^ := kernel.c
# automatic
# ? := kernel.c
# automatic
# | := 
# variable set hash-table stats:
# Load=8/32=25%, Rehash=0, Collisions=2/15=13%
#  recipe to execute (from 'Makefile', line 49):
	$(CC) $(CFLAGS) -c $< -o $@

# Not a target:
out/gdt_asm.o:
#  Implicit rule search has not been done.
#  Modification time never checked.
#  File has not been updated.

# Not a target:
out/circular.o:
#  Implicit rule search has not been done.
#  Modification time never checked.
#  File has not been updated.

# Not a target:
boot_asm.s:
#  Implicit rule search has been done.
#  Last modified 2022-07-19 12:31:46.283652221
#  File has been updated.
#  Successfully updated.

clean:
#  Implicit rule search has not been done.
#  Modification time never checked.
#  File has not been updated.
#  recipe to execute (from 'Makefile', line 59):
	rm out/*.o
	rm out/myos.iso

# Not a target:
out/keypress.o:
#  Implicit rule search has not been done.
#  Modification time never checked.
#  File has not been updated.

# Not a target:
out/threads_asm.o:
#  Implicit rule search has not been done.
#  Modification time never checked.
#  File has not been updated.

# Not a target:
out/rand.o:
#  Implicit rule search has not been done.
#  Modification time never checked.
#  File has not been updated.

# Not a target:
out/vga.o:
#  Implicit rule search has not been done.
#  Modification time never checked.
#  File has not been updated.

# Not a target:
out/pic.o:
#  Implicit rule search has not been done.
#  Modification time never checked.
#  File has not been updated.

# Not a target:
out/list.o:
#  Implicit rule search has not been done.
#  Modification time never checked.
#  File has not been updated.

# Not a target:
out/ps2kbd.o:
#  Implicit rule search has not been done.
#  Modification time never checked.
#  File has not been updated.

# Not a target:
.DEFAULT:
#  Implicit rule search has not been done.
#  Modification time never checked.
#  File has not been updated.

# Not a target:
out/threads.o:
#  Implicit rule search has not been done.
#  Modification time never checked.
#  File has not been updated.

all: out/myos.bin
#  Command line target.
#  Implicit rule search has not been done.
#  File does not exist.
#  File has been updated.
#  Needs to be updated (-q is set).
# variable set hash-table stats:
# Load=0/32=0%, Rehash=0, Collisions=0/5=0%
#  recipe to execute (from 'Makefile', line 39):
	cp out/myos.bin isodir/boot/myos.bin
	grub-mkrescue -o out/myos.iso isodir
	cp out/myos.iso /home/mdominiak/
	qemu-system-i386 -s -cdrom out/myos.iso -usb -device usb-ehci -device qemu-xhci -d int

# Not a target:
out/terminal.o:
#  Implicit rule search has not been done.
#  Modification time never checked.
#  File has not been updated.

# Not a target:
out/ehci.o:
#  Implicit rule search has not been done.
#  Modification time never checked.
#  File has not been updated.

# Not a target:
out/stdlib.o:
#  Implicit rule search has not been done.
#  Modification time never checked.
#  File has not been updated.

# Not a target:
out/idt.o:
#  Implicit rule search has not been done.
#  Modification time never checked.
#  File has not been updated.

# Not a target:
out/windows.o:
#  Implicit rule search has not been done.
#  Modification time never checked.
#  File has not been updated.

# Not a target:
kernel.c:
#  Implicit rule search has been done.
#  Last modified 2022-07-22 01:04:27.149249213
#  File has been updated.
#  Successfully updated.

# Not a target:
out/stdio.o:
#  Implicit rule search has not been done.
#  Modification time never checked.
#  File has not been updated.

out/boot_asm.o: boot_asm.s
#  Implicit rule search has been done.
#  Implicit/static pattern stem: 'boot_asm'
#  Last modified 2022-07-21 22:08:47.951200179
#  File has been updated.
#  Successfully updated.
#  recipe to execute (from 'Makefile', line 52):
	$(AS) $< -g -o $@

install:
#  Implicit rule search has not been done.
#  Modification time never checked.
#  File has not been updated.
#  recipe to execute (from 'Makefile', line 55):
	sudo dd if=out/myos.iso of=/dev/sdc
	sync

# Not a target:
out/graphics.o:
#  Implicit rule search has not been done.
#  Modification time never checked.
#  File has not been updated.

# Not a target:
out/uhci.o:
#  Implicit rule search has not been done.
#  Modification time never checked.
#  File has not been updated.

# Not a target:
out/string.o:
#  Implicit rule search has not been done.
#  Modification time never checked.
#  File has not been updated.

# Not a target:
out/keymaps.o:
#  Implicit rule search has not been done.
#  Modification time never checked.
#  File has not been updated.

out/myos.bin: out/boot_asm.o out/kernel.o out/terminal.o out/stdio.o out/ports_asm.o out/gdt.o out/gdt_asm.o out/idt.o out/idt_asm.o out/pic.o out/pci.o out/uhci.o out/ehci.o out/xhci.o out/stdlib.o out/irq.o out/threads.o out/threads_asm.o out/ps2.o out/ps2kbd.o out/circular.o out/keypress.o out/keymaps.o out/string.o out/terminal_asm.o out/vga.o out/rand.o out/vim.o out/ps2mouse.o out/graphics.o out/windows.o out/list.o
#  Implicit rule search has not been done.
#  Last modified 2022-07-22 00:46:37.193941018
#  File has been updated.
#  Needs to be updated (-q is set).
# variable set hash-table stats:
# Load=0/32=0%, Rehash=0, Collisions=0/5=0%
#  recipe to execute (from 'Makefile', line 46):
	$(CC) -T linker.ld -o $@ -ffreestanding -O2 -nostdlib out/*.o -lgcc

# Not a target:
out/irq.o:
#  Implicit rule search has not been done.
#  Modification time never checked.
#  File has not been updated.

# Not a target:
out/gdt.o:
#  Implicit rule search has not been done.
#  Modification time never checked.
#  File has not been updated.

# Not a target:
out/ps2mouse.o:
#  Implicit rule search has not been done.
#  Modification time never checked.
#  File has not been updated.

# Not a target:
out/pci.o:
#  Implicit rule search has not been done.
#  Modification time never checked.
#  File has not been updated.

# files hash-table stats:
# Load=41/1024=4%, Rehash=0, Collisions=0/93=0%
# VPATH Search Paths

# No 'vpath' search paths.

# No general ('VPATH' variable) search path.

# strcache buffers: 1 (0) / strings = 99 / storage = 986 B / avg = 9 B
# current buf: size = 8162 B / used = 986 B / count = 99 / avg = 9 B

# strcache performance: lookups = 114 / hit rate = 13%
# hash-table stats:
# Load=99/8192=1%, Rehash=0, Collisions=2/114=2%
# Finished Make data base on Fri Jul 22 02:37:21 2022

 
